[2026-02-12 20:48:28] ========================================
[2026-02-12 20:48:28]  Workload Identity Manager
[2026-02-12 20:48:28] ========================================
[2026-02-12 20:48:28] Session started
[2026-02-12 20:48:46] Input - Ingrese el Project ID: gnp-contabilidad-qa
[2026-02-12 20:48:56] Input - Ingrese el nombre de la cuenta de servicio IAM (sin @...): testing-1-jmcm
[2026-02-12 20:48:57] IAM SA not found: testing-1-jmcm@gnp-contabilidad-qa.iam.gserviceaccount.com
Created service account [testing-1-jmcm].
[2026-02-12 20:49:02] IAM SA created: testing-1-jmcm@gnp-contabilidad-qa.iam.gserviceaccount.com
[2026-02-12 20:49:21] Input - Ingrese el nombre de la cuenta de servicio de Kubernetes (KSA): testing-1-jmcm
[2026-02-12 20:49:29] Selection - Seleccione el cluster GKE:: gke-gnp-contabilidad-qa-a (us-central1)
[2026-02-12 20:49:29] Connecting to cluster: gke-gnp-contabilidad-qa-a in us-central1
Fetching cluster endpoint and auth data.
kubeconfig entry generated for gke-gnp-contabilidad-qa-a.
[2026-02-12 20:49:31] Connected to cluster: gke-gnp-contabilidad-qa-a
[2026-02-12 20:49:33] Input - Ingrese el namespace: apps
[2026-02-12 20:49:33] ========================================
[2026-02-12 20:49:33]  Configuración
[2026-02-12 20:49:33] ========================================
[2026-02-12 20:49:33] Project ID: gnp-contabilidad-qa
[2026-02-12 20:49:33] Cluster: gke-gnp-contabilidad-qa-a
[2026-02-12 20:49:33] Location: us-central1
[2026-02-12 20:49:33] Namespace: apps
[2026-02-12 20:49:33] Kubernetes SA: testing-1-jmcm
[2026-02-12 20:49:33] IAM SA: testing-1-jmcm@gnp-contabilidad-qa.iam.gserviceaccount.com
[2026-02-12 20:49:37] ========================================
[2026-02-12 20:49:37]  Ejecutando Configuración
[2026-02-12 20:49:37] ========================================
[2026-02-12 20:49:38] Namespace apps already exists
serviceaccount/testing-1-jmcm created
Updated IAM policy for serviceAccount [testing-1-jmcm@gnp-contabilidad-qa.iam.gserviceaccount.com].
bindings:
- members:
  - serviceAccount:gnp-contabilidad-qa.svc.id.goog[apps/testing-1-jmcm]
  role: roles/iam.workloadIdentityUser
etag: BwZKq6gr_SM=
version: 1
serviceaccount/testing-1-jmcm annotated
[2026-02-12 20:49:42] ========================================
[2026-02-12 20:49:42]  Workload Identity Configurado
[2026-02-12 20:49:42] ========================================
[2026-02-12 20:49:42] Project: gnp-contabilidad-qa
[2026-02-12 20:49:42] Cluster: gke-gnp-contabilidad-qa-a
[2026-02-12 20:49:42] Namespace: apps
[2026-02-12 20:49:42] Kubernetes SA: testing-1-jmcm
[2026-02-12 20:49:42] IAM SA: testing-1-jmcm@gnp-contabilidad-qa.iam.gserviceaccount.com
[2026-02-12 20:49:42] Session completed successfully
